
 CAT_000107_e83_d1 throws and error 
 invalid literal for int() with base 10: ''
 CAT_000107_e88_d1 throws and error 
 invalid literal for int() with base 10: ''
 CAT_000107_e89_d1 throws and error 
 invalid literal for int() with base 10: ''
 CAT_000107_e90_d1 throws and error 
 invalid literal for int() with base 10: ''
 CAT_000129_e48_d1 throws and error 
 invalid literal for int() with base 10: ''
 CAT_000129_e49_d1 throws and error 
 invalid literal for int() with base 10: ''
 CAT_000129_e51_d1 throws and error 
 invalid literal for int() with base 10: ''
 CAT_000226_e136_d1 throws and error 
 could not convert string to float: '4.»'
 CAT_000125_e292_d1 throws and error 
 invalid literal for int() with base 10: ''
 CAT__e1_d1 throws and error 
 [Errno 2] No such file or directory: '../output/xml/CAT__clean.xml'
 CAT__e2_d1 throws and error 
 [Errno 2] No such file or directory: '../output/xml/CAT__clean.xml'
 CAT__e3_d1 throws and error 
 [Errno 2] No such file or directory: '../output/xml/CAT__clean.xml'
 CAT__e4_d1 throws and error 
 [Errno 2] No such file or directory: '../output/xml/CAT__clean.xml'
 CAT__e5_d1 throws and error 
 [Errno 2] No such file or directory: '../output/xml/CAT__clean.xml'
 CAT__e6_d1 throws and error 
 [Errno 2] No such file or directory: '../output/xml/CAT__clean.xml'
 CAT__e7_d1 throws and error 
 [Errno 2] No such file or directory: '../output/xml/CAT__clean.xml'
 CAT__e8_d1 throws and error 
 [Errno 2] No such file or directory: '../output/xml/CAT__clean.xml'
 CAT__e9_d1 throws and error 
 [Errno 2] No such file or directory: '../output/xml/CAT__clean.xml'
 CAT__e10_d1 throws and error 
 [Errno 2] No such file or directory: '../output/xml/CAT__clean.xml'
 CAT__e11_d1 throws and error 
 [Errno 2] No such file or directory: '../output/xml/CAT__clean.xml'
 CAT__e12_d1 throws and error 
 [Errno 2] No such file or directory: '../output/xml/CAT__clean.xml'
 CAT__e13_d1 throws and error 
 [Errno 2] No such file or directory: '../output/xml/CAT__clean.xml'
 CAT__e14_d1 throws and error 
 [Errno 2] No such file or directory: '../output/xml/CAT__clean.xml'
 CAT__e15_d1 throws and error 
 [Errno 2] No such file or directory: '../output/xml/CAT__clean.xml'
 CAT__e16_d1 throws and error 
 [Errno 2] No such file or directory: '../output/xml/CAT__clean.xml'
 CAT__e17_d1 throws and error 
 [Errno 2] No such file or directory: '../output/xml/CAT__clean.xml'
 CAT__e18_d1 throws and error 
 [Errno 2] No such file or directory: '../output/xml/CAT__clean.xml'
 CAT__e19_d1 throws and error 
 [Errno 2] No such file or directory: '../output/xml/CAT__clean.xml'
 CAT__e20_d1 throws and error 
 [Errno 2] No such file or directory: '../output/xml/CAT__clean.xml'
 CAT__e21_d1 throws and error 
 [Errno 2] No such file or directory: '../output/xml/CAT__clean.xml'
 CAT__e22_d1 throws and error 
 [Errno 2] No such file or directory: '../output/xml/CAT__clean.xml'
 CAT__e23_d1 throws and error 
 [Errno 2] No such file or directory: '../output/xml/CAT__clean.xml'
 CAT__e24_d1 throws and error 
 [Errno 2] No such file or directory: '../output/xml/CAT__clean.xml'
 CAT__e25_d1 throws and error 
 [Errno 2] No such file or directory: '../output/xml/CAT__clean.xml'
 CAT__e26_d1 throws and error 
 [Errno 2] No such file or directory: '../output/xml/CAT__clean.xml'
 CAT__e27_d1 throws and error 
 [Errno 2] No such file or directory: '../output/xml/CAT__clean.xml'
 CAT__e28_d1 throws and error 
 [Errno 2] No such file or directory: '../output/xml/CAT__clean.xml'
 CAT__e29_d1 throws and error 
 [Errno 2] No such file or directory: '../output/xml/CAT__clean.xml'
 CAT__e30_d1 throws and error 
 [Errno 2] No such file or directory: '../output/xml/CAT__clean.xml'
 CAT__e31_d1 throws and error 
 [Errno 2] No such file or directory: '../output/xml/CAT__clean.xml'
 CAT__e32_d1 throws and error 
 [Errno 2] No such file or directory: '../output/xml/CAT__clean.xml'
 CAT__e33_d1 throws and error 
 [Errno 2] No such file or directory: '../output/xml/CAT__clean.xml'
 CAT__e34_d1 throws and error 
 [Errno 2] No such file or directory: '../output/xml/CAT__clean.xml'
 CAT__e35_d1 throws and error 
 [Errno 2] No such file or directory: '../output/xml/CAT__clean.xml'
 CAT__e36_d1 throws and error 
 [Errno 2] No such file or directory: '../output/xml/CAT__clean.xml'
 CAT__e37_d1 throws and error 
 [Errno 2] No such file or directory: '../output/xml/CAT__clean.xml'
 CAT__e38_d1 throws and error 
 [Errno 2] No such file or directory: '../output/xml/CAT__clean.xml'
 CAT__e39_d1 throws and error 
 [Errno 2] No such file or directory: '../output/xml/CAT__clean.xml'
 CAT__e40_d1 throws and error 
 [Errno 2] No such file or directory: '../output/xml/CAT__clean.xml'
 CAT__e41_d1 throws and error 
 [Errno 2] No such file or directory: '../output/xml/CAT__clean.xml'
 CAT__e42_d1 throws and error 
 [Errno 2] No such file or directory: '../output/xml/CAT__clean.xml'
 CAT__e43_d1 throws and error 
 [Errno 2] No such file or directory: '../output/xml/CAT__clean.xml'
 CAT__e44_d1 throws and error 
 [Errno 2] No such file or directory: '../output/xml/CAT__clean.xml'
 CAT__e45_d1 throws and error 
 [Errno 2] No such file or directory: '../output/xml/CAT__clean.xml'
 CAT__e46_d1 throws and error 
 [Errno 2] No such file or directory: '../output/xml/CAT__clean.xml'
 CAT__e47_d1 throws and error 
 [Errno 2] No such file or directory: '../output/xml/CAT__clean.xml'
 CAT__e48_d1 throws and error 
 [Errno 2] No such file or directory: '../output/xml/CAT__clean.xml'
 CAT__e49_d1 throws and error 
 [Errno 2] No such file or directory: '../output/xml/CAT__clean.xml'
 CAT__e50_d1 throws and error 
 [Errno 2] No such file or directory: '../output/xml/CAT__clean.xml'
 CAT__e51_d1 throws and error 
 [Errno 2] No such file or directory: '../output/xml/CAT__clean.xml'
 CAT__e52_d1 throws and error 
 [Errno 2] No such file or directory: '../output/xml/CAT__clean.xml'
 CAT__e53_d1 throws and error 
 [Errno 2] No such file or directory: '../output/xml/CAT__clean.xml'
 CAT__e54_d1 throws and error 
 [Errno 2] No such file or directory: '../output/xml/CAT__clean.xml'
 CAT__e55_d1 throws and error 
 [Errno 2] No such file or directory: '../output/xml/CAT__clean.xml'
 CAT__e56_d1 throws and error 
 [Errno 2] No such file or directory: '../output/xml/CAT__clean.xml'
 CAT__e57_d1 throws and error 
 [Errno 2] No such file or directory: '../output/xml/CAT__clean.xml'
 CAT__e58_d1 throws and error 
 [Errno 2] No such file or directory: '../output/xml/CAT__clean.xml'
 CAT__e59_d1 throws and error 
 [Errno 2] No such file or directory: '../output/xml/CAT__clean.xml'
 CAT__e60_d1 throws and error 
 [Errno 2] No such file or directory: '../output/xml/CAT__clean.xml'
 CAT__e61_d1 throws and error 
 [Errno 2] No such file or directory: '../output/xml/CAT__clean.xml'
 CAT__e62_d1 throws and error 
 [Errno 2] No such file or directory: '../output/xml/CAT__clean.xml'
 CAT__e63_d1 throws and error 
 [Errno 2] No such file or directory: '../output/xml/CAT__clean.xml'
 CAT__e64_d1 throws and error 
 [Errno 2] No such file or directory: '../output/xml/CAT__clean.xml'
 CAT__e65_d1 throws and error 
 [Errno 2] No such file or directory: '../output/xml/CAT__clean.xml'
 CAT__e66_d1 throws and error 
 [Errno 2] No such file or directory: '../output/xml/CAT__clean.xml'
 CAT__e67_d1 throws and error 
 [Errno 2] No such file or directory: '../output/xml/CAT__clean.xml'
 CAT__e68_d1 throws and error 
 [Errno 2] No such file or directory: '../output/xml/CAT__clean.xml'
 CAT__e69_d1 throws and error 
 [Errno 2] No such file or directory: '../output/xml/CAT__clean.xml'
 CAT__e70_d1 throws and error 
 [Errno 2] No such file or directory: '../output/xml/CAT__clean.xml'
 CAT__e71_d1 throws and error 
 [Errno 2] No such file or directory: '../output/xml/CAT__clean.xml'
 CAT__e72_d1 throws and error 
 [Errno 2] No such file or directory: '../output/xml/CAT__clean.xml'
 CAT__e73_d1 throws and error 
 [Errno 2] No such file or directory: '../output/xml/CAT__clean.xml'
 CAT__e74_d1 throws and error 
 [Errno 2] No such file or directory: '../output/xml/CAT__clean.xml'
 CAT__e75_d1 throws and error 
 [Errno 2] No such file or directory: '../output/xml/CAT__clean.xml'
 CAT__e76_d1 throws and error 
 [Errno 2] No such file or directory: '../output/xml/CAT__clean.xml'
 CAT__e77_d1 throws and error 
 [Errno 2] No such file or directory: '../output/xml/CAT__clean.xml'
 CAT__e78_d1 throws and error 
 [Errno 2] No such file or directory: '../output/xml/CAT__clean.xml'
 CAT__e79_d1 throws and error 
 [Errno 2] No such file or directory: '../output/xml/CAT__clean.xml'
 CAT__e80_d1 throws and error 
 [Errno 2] No such file or directory: '../output/xml/CAT__clean.xml'
 CAT__e81_d1 throws and error 
 [Errno 2] No such file or directory: '../output/xml/CAT__clean.xml'
 CAT__e82_d1 throws and error 
 [Errno 2] No such file or directory: '../output/xml/CAT__clean.xml'
 CAT__e83_d1 throws and error 
 [Errno 2] No such file or directory: '../output/xml/CAT__clean.xml'
 CAT__e84_d1 throws and error 
 [Errno 2] No such file or directory: '../output/xml/CAT__clean.xml'
 CAT__e85_d1 throws and error 
 [Errno 2] No such file or directory: '../output/xml/CAT__clean.xml'
 CAT__e86_d1 throws and error 
 [Errno 2] No such file or directory: '../output/xml/CAT__clean.xml'
 CAT__e87_d1 throws and error 
 [Errno 2] No such file or directory: '../output/xml/CAT__clean.xml'
 CAT__e88_d1 throws and error 
 [Errno 2] No such file or directory: '../output/xml/CAT__clean.xml'
 CAT__e89_d1 throws and error 
 [Errno 2] No such file or directory: '../output/xml/CAT__clean.xml'
 CAT__e90_d1 throws and error 
 [Errno 2] No such file or directory: '../output/xml/CAT__clean.xml'
 CAT__e91_d1 throws and error 
 [Errno 2] No such file or directory: '../output/xml/CAT__clean.xml'
 CAT__e92_d1 throws and error 
 [Errno 2] No such file or directory: '../output/xml/CAT__clean.xml'
 CAT__e93_d1 throws and error 
 [Errno 2] No such file or directory: '../output/xml/CAT__clean.xml'
 CAT__e94_d1 throws and error 
 [Errno 2] No such file or directory: '../output/xml/CAT__clean.xml'
 CAT__e95_d1 throws and error 
 [Errno 2] No such file or directory: '../output/xml/CAT__clean.xml'
 CAT__e96_d1 throws and error 
 [Errno 2] No such file or directory: '../output/xml/CAT__clean.xml'
 CAT__e97_d1 throws and error 
 [Errno 2] No such file or directory: '../output/xml/CAT__clean.xml'
 CAT__e98_d1 throws and error 
 [Errno 2] No such file or directory: '../output/xml/CAT__clean.xml'
 CAT__e99_d1 throws and error 
 [Errno 2] No such file or directory: '../output/xml/CAT__clean.xml'
 CAT__e100_d1 throws and error 
 [Errno 2] No such file or directory: '../output/xml/CAT__clean.xml'
 CAT__e101_d1 throws and error 
 [Errno 2] No such file or directory: '../output/xml/CAT__clean.xml'
 CAT__e102_d1 throws and error 
 [Errno 2] No such file or directory: '../output/xml/CAT__clean.xml'
 CAT__e103_d1 throws and error 
 [Errno 2] No such file or directory: '../output/xml/CAT__clean.xml'
 CAT__e104_d1 throws and error 
 [Errno 2] No such file or directory: '../output/xml/CAT__clean.xml'
 CAT__e105_d1 throws and error 
 [Errno 2] No such file or directory: '../output/xml/CAT__clean.xml'
 CAT__e106_d1 throws and error 
 [Errno 2] No such file or directory: '../output/xml/CAT__clean.xml'
 CAT__e107_d1 throws and error 
 [Errno 2] No such file or directory: '../output/xml/CAT__clean.xml'
 CAT__e108_d1 throws and error 
 [Errno 2] No such file or directory: '../output/xml/CAT__clean.xml'
 CAT__e109_d1 throws and error 
 [Errno 2] No such file or directory: '../output/xml/CAT__clean.xml'
 CAT__e110_d1 throws and error 
 [Errno 2] No such file or directory: '../output/xml/CAT__clean.xml'
 CAT__e111_d1 throws and error 
 [Errno 2] No such file or directory: '../output/xml/CAT__clean.xml'
 CAT__e112_d1 throws and error 
 [Errno 2] No such file or directory: '../output/xml/CAT__clean.xml'
 CAT__e113_d1 throws and error 
 [Errno 2] No such file or directory: '../output/xml/CAT__clean.xml'
 CAT__e114_d1 throws and error 
 [Errno 2] No such file or directory: '../output/xml/CAT__clean.xml'
 CAT__e115_d1 throws and error 
 [Errno 2] No such file or directory: '../output/xml/CAT__clean.xml'
 CAT__e116_d1 throws and error 
 [Errno 2] No such file or directory: '../output/xml/CAT__clean.xml'
 CAT__e117_d1 throws and error 
 [Errno 2] No such file or directory: '../output/xml/CAT__clean.xml'
 CAT__e118_d1 throws and error 
 [Errno 2] No such file or directory: '../output/xml/CAT__clean.xml'
 CAT__e119_d1 throws and error 
 [Errno 2] No such file or directory: '../output/xml/CAT__clean.xml'
 CAT__e120_d1 throws and error 
 [Errno 2] No such file or directory: '../output/xml/CAT__clean.xml'
 CAT__e121_d1 throws and error 
 [Errno 2] No such file or directory: '../output/xml/CAT__clean.xml'
 CAT__e122_d1 throws and error 
 [Errno 2] No such file or directory: '../output/xml/CAT__clean.xml'
 CAT__e123_d1 throws and error 
 [Errno 2] No such file or directory: '../output/xml/CAT__clean.xml'
 CAT__e124_d1 throws and error 
 [Errno 2] No such file or directory: '../output/xml/CAT__clean.xml'
 CAT__e125_d1 throws and error 
 [Errno 2] No such file or directory: '../output/xml/CAT__clean.xml'
 CAT__e126_d1 throws and error 
 [Errno 2] No such file or directory: '../output/xml/CAT__clean.xml'
 CAT__e127_d1 throws and error 
 [Errno 2] No such file or directory: '../output/xml/CAT__clean.xml'
 CAT__e128_d1 throws and error 
 [Errno 2] No such file or directory: '../output/xml/CAT__clean.xml'
 CAT__e129_d1 throws and error 
 [Errno 2] No such file or directory: '../output/xml/CAT__clean.xml'
 CAT__e130_d1 throws and error 
 [Errno 2] No such file or directory: '../output/xml/CAT__clean.xml'
 CAT__e131_d1 throws and error 
 [Errno 2] No such file or directory: '../output/xml/CAT__clean.xml'
 CAT__e132_d1 throws and error 
 [Errno 2] No such file or directory: '../output/xml/CAT__clean.xml'
 CAT__e133_d1 throws and error 
 [Errno 2] No such file or directory: '../output/xml/CAT__clean.xml'
 CAT__e134_d1 throws and error 
 [Errno 2] No such file or directory: '../output/xml/CAT__clean.xml'
 CAT__e135_d1 throws and error 
 [Errno 2] No such file or directory: '../output/xml/CAT__clean.xml'
 CAT__e136_d1 throws and error 
 [Errno 2] No such file or directory: '../output/xml/CAT__clean.xml'
 CAT__e137_d1 throws and error 
 [Errno 2] No such file or directory: '../output/xml/CAT__clean.xml'
 CAT__e138_d1 throws and error 
 [Errno 2] No such file or directory: '../output/xml/CAT__clean.xml'
 CAT__e139_d1 throws and error 
 [Errno 2] No such file or directory: '../output/xml/CAT__clean.xml'
 CAT__e140_d1 throws and error 
 [Errno 2] No such file or directory: '../output/xml/CAT__clean.xml'
 CAT__e141_d1 throws and error 
 [Errno 2] No such file or directory: '../output/xml/CAT__clean.xml'
 CAT__e142_d1 throws and error 
 [Errno 2] No such file or directory: '../output/xml/CAT__clean.xml'
 CAT__e143_d1 throws and error 
 [Errno 2] No such file or directory: '../output/xml/CAT__clean.xml'
 CAT__e144_d1 throws and error 
 [Errno 2] No such file or directory: '../output/xml/CAT__clean.xml'
 CAT__e145_d1 throws and error 
 [Errno 2] No such file or directory: '../output/xml/CAT__clean.xml'
 CAT__e146_d1 throws and error 
 [Errno 2] No such file or directory: '../output/xml/CAT__clean.xml'
 CAT__e147_d1 throws and error 
 [Errno 2] No such file or directory: '../output/xml/CAT__clean.xml'
 CAT__e148_d1 throws and error 
 [Errno 2] No such file or directory: '../output/xml/CAT__clean.xml'
 CAT__e149_d1 throws and error 
 [Errno 2] No such file or directory: '../output/xml/CAT__clean.xml'
 CAT__e150_d1 throws and error 
 [Errno 2] No such file or directory: '../output/xml/CAT__clean.xml'
 CAT__e151_d1 throws and error 
 [Errno 2] No such file or directory: '../output/xml/CAT__clean.xml'
 CAT__e152_d1 throws and error 
 [Errno 2] No such file or directory: '../output/xml/CAT__clean.xml'
 CAT__e153_d1 throws and error 
 [Errno 2] No such file or directory: '../output/xml/CAT__clean.xml'
 CAT__e154_d1 throws and error 
 [Errno 2] No such file or directory: '../output/xml/CAT__clean.xml'
 CAT__e155_d1 throws and error 
 [Errno 2] No such file or directory: '../output/xml/CAT__clean.xml'
 CAT__e156_d1 throws and error 
 [Errno 2] No such file or directory: '../output/xml/CAT__clean.xml'
 CAT__e157_d1 throws and error 
 [Errno 2] No such file or directory: '../output/xml/CAT__clean.xml'
 CAT__e158_d1 throws and error 
 [Errno 2] No such file or directory: '../output/xml/CAT__clean.xml'
 CAT__e159_d1 throws and error 
 [Errno 2] No such file or directory: '../output/xml/CAT__clean.xml'
 CAT__e160_d1 throws and error 
 [Errno 2] No such file or directory: '../output/xml/CAT__clean.xml'
 CAT__e161_d1 throws and error 
 [Errno 2] No such file or directory: '../output/xml/CAT__clean.xml'
 CAT__e162_d1 throws and error 
 [Errno 2] No such file or directory: '../output/xml/CAT__clean.xml'
 CAT__e163_d1 throws and error 
 [Errno 2] No such file or directory: '../output/xml/CAT__clean.xml'
 CAT__e164_d1 throws and error 
 [Errno 2] No such file or directory: '../output/xml/CAT__clean.xml'
 CAT__e165_d1 throws and error 
 [Errno 2] No such file or directory: '../output/xml/CAT__clean.xml'
 CAT__e166_d1 throws and error 
 [Errno 2] No such file or directory: '../output/xml/CAT__clean.xml'
 CAT__e167_d1 throws and error 
 [Errno 2] No such file or directory: '../output/xml/CAT__clean.xml'
 CAT__e168_d1 throws and error 
 [Errno 2] No such file or directory: '../output/xml/CAT__clean.xml'
 CAT__e169_d1 throws and error 
 [Errno 2] No such file or directory: '../output/xml/CAT__clean.xml'
 CAT__e170_d1 throws and error 
 [Errno 2] No such file or directory: '../output/xml/CAT__clean.xml'
 CAT__e171_d1 throws and error 
 [Errno 2] No such file or directory: '../output/xml/CAT__clean.xml'
 CAT__e172_d1 throws and error 
 [Errno 2] No such file or directory: '../output/xml/CAT__clean.xml'
 CAT__e173_d1 throws and error 
 [Errno 2] No such file or directory: '../output/xml/CAT__clean.xml'
 CAT__e174_d1 throws and error 
 [Errno 2] No such file or directory: '../output/xml/CAT__clean.xml'
 CAT__e175_d1 throws and error 
 [Errno 2] No such file or directory: '../output/xml/CAT__clean.xml'
 CAT__e176_d1 throws and error 
 [Errno 2] No such file or directory: '../output/xml/CAT__clean.xml'
 CAT__e177_d1 throws and error 
 [Errno 2] No such file or directory: '../output/xml/CAT__clean.xml'
 CAT__e178_d1 throws and error 
 [Errno 2] No such file or directory: '../output/xml/CAT__clean.xml'
 CAT__e179_d1 throws and error 
 [Errno 2] No such file or directory: '../output/xml/CAT__clean.xml'
 CAT__e180_d1 throws and error 
 [Errno 2] No such file or directory: '../output/xml/CAT__clean.xml'
 CAT__e181_d1 throws and error 
 [Errno 2] No such file or directory: '../output/xml/CAT__clean.xml'
 CAT__e182_d1 throws and error 
 [Errno 2] No such file or directory: '../output/xml/CAT__clean.xml'
 CAT__e183_d1 throws and error 
 [Errno 2] No such file or directory: '../output/xml/CAT__clean.xml'
 CAT__e184_d1 throws and error 
 [Errno 2] No such file or directory: '../output/xml/CAT__clean.xml'
 CAT__e185_d1 throws and error 
 [Errno 2] No such file or directory: '../output/xml/CAT__clean.xml'
 CAT__e186_d1 throws and error 
 [Errno 2] No such file or directory: '../output/xml/CAT__clean.xml'
 CAT__e187_d1 throws and error 
 [Errno 2] No such file or directory: '../output/xml/CAT__clean.xml'
 CAT__e188_d1 throws and error 
 [Errno 2] No such file or directory: '../output/xml/CAT__clean.xml'
 CAT__e189_d1 throws and error 
 [Errno 2] No such file or directory: '../output/xml/CAT__clean.xml'
 CAT__e190_d1 throws and error 
 [Errno 2] No such file or directory: '../output/xml/CAT__clean.xml'
 CAT__e191_d1 throws and error 
 [Errno 2] No such file or directory: '../output/xml/CAT__clean.xml'
 CAT__e192_d1 throws and error 
 [Errno 2] No such file or directory: '../output/xml/CAT__clean.xml'
 CAT__e193_d1 throws and error 
 [Errno 2] No such file or directory: '../output/xml/CAT__clean.xml'
 CAT__e194_d1 throws and error 
 [Errno 2] No such file or directory: '../output/xml/CAT__clean.xml'
 CAT__e195_d1 throws and error 
 [Errno 2] No such file or directory: '../output/xml/CAT__clean.xml'
 CAT__e196_d1 throws and error 
 [Errno 2] No such file or directory: '../output/xml/CAT__clean.xml'
 CAT__e197_d1 throws and error 
 [Errno 2] No such file or directory: '../output/xml/CAT__clean.xml'
 CAT__e198_d1 throws and error 
 [Errno 2] No such file or directory: '../output/xml/CAT__clean.xml'
 CAT__e199_d1 throws and error 
 [Errno 2] No such file or directory: '../output/xml/CAT__clean.xml'
 CAT__e200_d1 throws and error 
 [Errno 2] No such file or directory: '../output/xml/CAT__clean.xml'
 CAT__e201_d1 throws and error 
 [Errno 2] No such file or directory: '../output/xml/CAT__clean.xml'
 CAT__e202_d1 throws and error 
 [Errno 2] No such file or directory: '../output/xml/CAT__clean.xml'
 CAT__e203_d1 throws and error 
 [Errno 2] No such file or directory: '../output/xml/CAT__clean.xml'
 CAT__e204_d1 throws and error 
 [Errno 2] No such file or directory: '../output/xml/CAT__clean.xml'
 CAT__e205_d1 throws and error 
 [Errno 2] No such file or directory: '../output/xml/CAT__clean.xml'
 CAT__e206_d1 throws and error 
 [Errno 2] No such file or directory: '../output/xml/CAT__clean.xml'
 CAT__e207_d1 throws and error 
 [Errno 2] No such file or directory: '../output/xml/CAT__clean.xml'
 CAT__e208_d1 throws and error 
 [Errno 2] No such file or directory: '../output/xml/CAT__clean.xml'
 CAT__e209_d1 throws and error 
 [Errno 2] No such file or directory: '../output/xml/CAT__clean.xml'
 CAT__e210_d1 throws and error 
 [Errno 2] No such file or directory: '../output/xml/CAT__clean.xml'
 CAT__e211_d1 throws and error 
 [Errno 2] No such file or directory: '../output/xml/CAT__clean.xml'
 CAT__e212_d1 throws and error 
 [Errno 2] No such file or directory: '../output/xml/CAT__clean.xml'
 CAT__e213_d1 throws and error 
 [Errno 2] No such file or directory: '../output/xml/CAT__clean.xml'
 CAT__e214_d1 throws and error 
 [Errno 2] No such file or directory: '../output/xml/CAT__clean.xml'
 CAT__e215_d1 throws and error 
 [Errno 2] No such file or directory: '../output/xml/CAT__clean.xml'
 CAT__e216_d1 throws and error 
 [Errno 2] No such file or directory: '../output/xml/CAT__clean.xml'
 CAT__e217_d1 throws and error 
 [Errno 2] No such file or directory: '../output/xml/CAT__clean.xml'
 CAT__e218_d1 throws and error 
 [Errno 2] No such file or directory: '../output/xml/CAT__clean.xml'
 CAT__e219_d1 throws and error 
 [Errno 2] No such file or directory: '../output/xml/CAT__clean.xml'
 CAT__e220_d1 throws and error 
 [Errno 2] No such file or directory: '../output/xml/CAT__clean.xml'
 CAT__e221_d1 throws and error 
 [Errno 2] No such file or directory: '../output/xml/CAT__clean.xml'
 CAT__e222_d1 throws and error 
 [Errno 2] No such file or directory: '../output/xml/CAT__clean.xml'
 CAT__e223_d1 throws and error 
 [Errno 2] No such file or directory: '../output/xml/CAT__clean.xml'
 CAT__e224_d1 throws and error 
 [Errno 2] No such file or directory: '../output/xml/CAT__clean.xml'
 CAT__e225_d1 throws and error 
 [Errno 2] No such file or directory: '../output/xml/CAT__clean.xml'
 CAT__e226_d1 throws and error 
 [Errno 2] No such file or directory: '../output/xml/CAT__clean.xml'
 CAT__e227_d1 throws and error 
 [Errno 2] No such file or directory: '../output/xml/CAT__clean.xml'
 CAT__e228_d1 throws and error 
 [Errno 2] No such file or directory: '../output/xml/CAT__clean.xml'
 CAT__e229_d1 throws and error 
 [Errno 2] No such file or directory: '../output/xml/CAT__clean.xml'
 CAT__e230_d1 throws and error 
 [Errno 2] No such file or directory: '../output/xml/CAT__clean.xml'
 CAT__e231_d1 throws and error 
 [Errno 2] No such file or directory: '../output/xml/CAT__clean.xml'
 CAT__e232_d1 throws and error 
 [Errno 2] No such file or directory: '../output/xml/CAT__clean.xml'
 CAT__e233_d1 throws and error 
 [Errno 2] No such file or directory: '../output/xml/CAT__clean.xml'
 CAT__e234_d1 throws and error 
 [Errno 2] No such file or directory: '../output/xml/CAT__clean.xml'
 CAT__e235_d1 throws and error 
 [Errno 2] No such file or directory: '../output/xml/CAT__clean.xml'
 CAT__e236_d1 throws and error 
 [Errno 2] No such file or directory: '../output/xml/CAT__clean.xml'
 CAT__e237_d1 throws and error 
 [Errno 2] No such file or directory: '../output/xml/CAT__clean.xml'
 CAT__e238_d1 throws and error 
 [Errno 2] No such file or directory: '../output/xml/CAT__clean.xml'
 CAT__e239_d1 throws and error 
 [Errno 2] No such file or directory: '../output/xml/CAT__clean.xml'
 CAT__e240_d1 throws and error 
 [Errno 2] No such file or directory: '../output/xml/CAT__clean.xml'
 CAT__e241_d1 throws and error 
 [Errno 2] No such file or directory: '../output/xml/CAT__clean.xml'
 CAT__e242_d1 throws and error 
 [Errno 2] No such file or directory: '../output/xml/CAT__clean.xml'
 CAT__e243_d1 throws and error 
 [Errno 2] No such file or directory: '../output/xml/CAT__clean.xml'
 CAT__e244_d1 throws and error 
 [Errno 2] No such file or directory: '../output/xml/CAT__clean.xml'
 CAT__e245_d1 throws and error 
 [Errno 2] No such file or directory: '../output/xml/CAT__clean.xml'
 CAT__e246_d1 throws and error 
 [Errno 2] No such file or directory: '../output/xml/CAT__clean.xml'
 CAT__e247_d1 throws and error 
 [Errno 2] No such file or directory: '../output/xml/CAT__clean.xml'
 CAT__e248_d1 throws and error 
 [Errno 2] No such file or directory: '../output/xml/CAT__clean.xml'
 CAT__e249_d1 throws and error 
 [Errno 2] No such file or directory: '../output/xml/CAT__clean.xml'
 CAT__e250_d1 throws and error 
 [Errno 2] No such file or directory: '../output/xml/CAT__clean.xml'
 CAT__e251_d1 throws and error 
 [Errno 2] No such file or directory: '../output/xml/CAT__clean.xml'
 CAT__e252_d1 throws and error 
 [Errno 2] No such file or directory: '../output/xml/CAT__clean.xml'
 CAT__e253_d1 throws and error 
 [Errno 2] No such file or directory: '../output/xml/CAT__clean.xml'
 CAT__e254_d1 throws and error 
 [Errno 2] No such file or directory: '../output/xml/CAT__clean.xml'
 CAT__e255_d1 throws and error 
 [Errno 2] No such file or directory: '../output/xml/CAT__clean.xml'
 CAT__e256_d1 throws and error 
 [Errno 2] No such file or directory: '../output/xml/CAT__clean.xml'
 CAT__e257_d1 throws and error 
 [Errno 2] No such file or directory: '../output/xml/CAT__clean.xml'
 CAT__e258_d1 throws and error 
 [Errno 2] No such file or directory: '../output/xml/CAT__clean.xml'
 CAT__e259_d1 throws and error 
 [Errno 2] No such file or directory: '../output/xml/CAT__clean.xml'
 CAT__e260_d1 throws and error 
 [Errno 2] No such file or directory: '../output/xml/CAT__clean.xml'
 CAT__e261_d1 throws and error 
 [Errno 2] No such file or directory: '../output/xml/CAT__clean.xml'
 CAT__e262_d1 throws and error 
 [Errno 2] No such file or directory: '../output/xml/CAT__clean.xml'
 CAT__e263_d1 throws and error 
 [Errno 2] No such file or directory: '../output/xml/CAT__clean.xml'
 CAT__e264_d1 throws and error 
 [Errno 2] No such file or directory: '../output/xml/CAT__clean.xml'
 CAT__e265_d1 throws and error 
 [Errno 2] No such file or directory: '../output/xml/CAT__clean.xml'
 CAT__e266_d1 throws and error 
 [Errno 2] No such file or directory: '../output/xml/CAT__clean.xml'
 CAT__e267_d1 throws and error 
 [Errno 2] No such file or directory: '../output/xml/CAT__clean.xml'
 CAT__e268_d1 throws and error 
 [Errno 2] No such file or directory: '../output/xml/CAT__clean.xml'
 CAT__e269_d1 throws and error 
 [Errno 2] No such file or directory: '../output/xml/CAT__clean.xml'
 CAT__e270_d1 throws and error 
 [Errno 2] No such file or directory: '../output/xml/CAT__clean.xml'
 CAT__e271_d1 throws and error 
 [Errno 2] No such file or directory: '../output/xml/CAT__clean.xml'
 CAT__e272_d1 throws and error 
 [Errno 2] No such file or directory: '../output/xml/CAT__clean.xml'
 CAT__e273_d1 throws and error 
 [Errno 2] No such file or directory: '../output/xml/CAT__clean.xml'
 CAT__e274_d1 throws and error 
 [Errno 2] No such file or directory: '../output/xml/CAT__clean.xml'
 CAT__e275_d1 throws and error 
 [Errno 2] No such file or directory: '../output/xml/CAT__clean.xml'
 CAT__e276_d1 throws and error 
 [Errno 2] No such file or directory: '../output/xml/CAT__clean.xml'
 CAT__e277_d1 throws and error 
 [Errno 2] No such file or directory: '../output/xml/CAT__clean.xml'
 CAT__e278_d1 throws and error 
 [Errno 2] No such file or directory: '../output/xml/CAT__clean.xml'
 CAT__e279_d1 throws and error 
 [Errno 2] No such file or directory: '../output/xml/CAT__clean.xml'
 CAT__e280_d1 throws and error 
 [Errno 2] No such file or directory: '../output/xml/CAT__clean.xml'
 CAT__e281_d1 throws and error 
 [Errno 2] No such file or directory: '../output/xml/CAT__clean.xml'
 CAT__e282_d1 throws and error 
 [Errno 2] No such file or directory: '../output/xml/CAT__clean.xml'
 CAT__e283_d1 throws and error 
 [Errno 2] No such file or directory: '../output/xml/CAT__clean.xml'
 CAT__e284_d1 throws and error 
 [Errno 2] No such file or directory: '../output/xml/CAT__clean.xml'
 CAT__e285_d1 throws and error 
 [Errno 2] No such file or directory: '../output/xml/CAT__clean.xml'
 CAT__e286_d1 throws and error 
 [Errno 2] No such file or directory: '../output/xml/CAT__clean.xml'
 CAT__e287_d1 throws and error 
 [Errno 2] No such file or directory: '../output/xml/CAT__clean.xml'
 CAT__e288_d1 throws and error 
 [Errno 2] No such file or directory: '../output/xml/CAT__clean.xml'
 CAT__e289_d1 throws and error 
 [Errno 2] No such file or directory: '../output/xml/CAT__clean.xml'
 CAT__e290_d1 throws and error 
 [Errno 2] No such file or directory: '../output/xml/CAT__clean.xml'